<?xml version="1.0" encoding="UTF-8"?>
<testsuite name="EtlTest" tests="4" skipped="0" failures="0" errors="0" timestamp="2015-03-18T15:03:46" hostname="piv-ws-allsouls.lon.pivotallabs.com" time="0.03">
  <properties/>
  <testcase name="testTransformOneValue" classname="EtlTest" time="0.022"/>
  <testcase name="testTransformMoreValues" classname="EtlTest" time="0.004"/>
  <testcase name="testMoreKeys" classname="EtlTest" time="0.002"/>
  <testcase name="testFullDataset" classname="EtlTest" time="0.001"/>
  <system-out><![CDATA[]]></system-out>
  <system-err><![CDATA[]]></system-err>
</testsuite>
